Command line:
   cpu_sim_isim_beh.exe
     -simmode  gui
     -simrunnum  0
     -socket  52094

Thu Dec 09 14:20:07 2021


 Elaboration Time: 0.078125 sec

 Current Memory Usage: 5149.72 Meg

 Total Signals          : 79
 Total Nets             : 142
 Total Signal Drivers   : 29
 Total Blocks           : 9
 Total Primitive Blocks : 7
 Total Processes        : 41
 Total Traceable Variables  : 59
 Total Scalar Nets and Variables : 4522
Total Line Count : 233

 Total Simulation Time: 0.109375 sec

 Current Memory Usage: 5464.29 Meg

Thu Dec 09 14:20:58 2021

